0 info it worked if it ends with ok
1 verbose cli [ 'node', '/usr/local/bin/npm', 'publish', '--force' ]
2 info using npm@1.2.30
3 info using node@v0.8.26
4 warn using --force I sure hope you know what you are doing.
5 verbose publish [ '.' ]
6 verbose read json /Users/ryokota/code/generator-angular-sinatra/package.json
7 verbose cache add [ '.', null ]
8 verbose cache add name=undefined spec="." args=[".",null]
9 verbose parsed url { pathname: '.', path: '.', href: '.' }
10 silly lockFile 3a52ce78- .
11 verbose lock . /Users/ryokota/.npm/3a52ce78-.lock
12 verbose read json package.json
13 verbose tar pack [ '/var/folders/6g/1h2r2rrs75n9zh_14mpcjstc000_4l/T/npm-59911/1390722309729-0.7024120651185513/tmp.tgz',
13 verbose tar pack   '.' ]
14 verbose tarball /var/folders/6g/1h2r2rrs75n9zh_14mpcjstc000_4l/T/npm-59911/1390722309729-0.7024120651185513/tmp.tgz
15 verbose folder .
16 info prepublish generator-angular-sinatra@0.1.8
17 silly lockFile 1f1177db-tar tar://.
18 verbose lock tar://. /Users/ryokota/.npm/1f1177db-tar.lock
19 silly lockFile 5c3c9bd2-09729-0-7024120651185513-tmp-tgz tar:///var/folders/6g/1h2r2rrs75n9zh_14mpcjstc000_4l/T/npm-59911/1390722309729-0.7024120651185513/tmp.tgz
20 verbose lock tar:///var/folders/6g/1h2r2rrs75n9zh_14mpcjstc000_4l/T/npm-59911/1390722309729-0.7024120651185513/tmp.tgz /Users/ryokota/.npm/5c3c9bd2-09729-0-7024120651185513-tmp-tgz.lock
21 silly lockFile 1f1177db-tar tar://.
22 silly lockFile 1f1177db-tar tar://.
23 silly lockFile 5c3c9bd2-09729-0-7024120651185513-tmp-tgz tar:///var/folders/6g/1h2r2rrs75n9zh_14mpcjstc000_4l/T/npm-59911/1390722309729-0.7024120651185513/tmp.tgz
24 silly lockFile 5c3c9bd2-09729-0-7024120651185513-tmp-tgz tar:///var/folders/6g/1h2r2rrs75n9zh_14mpcjstc000_4l/T/npm-59911/1390722309729-0.7024120651185513/tmp.tgz
25 verbose tar unpack /var/folders/6g/1h2r2rrs75n9zh_14mpcjstc000_4l/T/npm-59911/1390722309729-0.7024120651185513/tmp.tgz
26 silly lockFile 3784a1cc-09729-0-7024120651185513-package tar:///var/folders/6g/1h2r2rrs75n9zh_14mpcjstc000_4l/T/npm-59911/1390722309729-0.7024120651185513/package
27 verbose lock tar:///var/folders/6g/1h2r2rrs75n9zh_14mpcjstc000_4l/T/npm-59911/1390722309729-0.7024120651185513/package /Users/ryokota/.npm/3784a1cc-09729-0-7024120651185513-package.lock
28 silly lockFile 5c3c9bd2-09729-0-7024120651185513-tmp-tgz tar:///var/folders/6g/1h2r2rrs75n9zh_14mpcjstc000_4l/T/npm-59911/1390722309729-0.7024120651185513/tmp.tgz
29 verbose lock tar:///var/folders/6g/1h2r2rrs75n9zh_14mpcjstc000_4l/T/npm-59911/1390722309729-0.7024120651185513/tmp.tgz /Users/ryokota/.npm/5c3c9bd2-09729-0-7024120651185513-tmp-tgz.lock
30 silly gunzTarPerm modes [ '755', '644' ]
31 silly gunzTarPerm extractEntry package.json
32 silly gunzTarPerm extractEntry .npmignore
33 silly gunzTarPerm extractEntry README.md
34 silly gunzTarPerm extractEntry LICENSE
35 silly gunzTarPerm extractEntry entity/index.js
36 silly gunzTarPerm extractEntry entity/templates/_generator.json
37 silly gunzTarPerm extractEntry entity/templates/db/migrate/_migration.rb
38 silly gunzTarPerm extractEntry entity/templates/models/_entity_ar.rb
39 silly gunzTarPerm extractEntry entity/templates/models/_entity_dm.rb
40 silly gunzTarPerm extractEntry entity/templates/models/_init.rb
41 silly gunzTarPerm extractEntry entity/templates/public/js/entity/_entity-controller.js
42 silly gunzTarPerm extractEntry entity/templates/public/js/entity/_entity-router.js
43 silly gunzTarPerm extractEntry entity/templates/public/js/entity/_entity-service.js
44 silly gunzTarPerm extractEntry entity/templates/public/views/entity/_entities.html
45 silly gunzTarPerm extractEntry entity/templates/routes/_entities.rb
46 silly gunzTarPerm extractEntry entity/templates/routes/_init.rb
47 silly gunzTarPerm extractEntry app/index.js
48 silly gunzTarPerm extractEntry app/templates/Gruntfile.js
49 silly gunzTarPerm extractEntry app/templates/gitignore
50 silly gunzTarPerm extractEntry app/templates/_bower.json
51 silly gunzTarPerm extractEntry app/templates/_config.ru
52 silly gunzTarPerm extractEntry app/templates/_generator.json
53 silly gunzTarPerm extractEntry app/templates/_package.json
54 silly gunzTarPerm extractEntry app/templates/bowerrc
55 silly gunzTarPerm extractEntry app/templates/editorconfig
56 silly gunzTarPerm extractEntry app/templates/Gemfile_ar
57 silly gunzTarPerm extractEntry app/templates/Gemfile_dm
58 silly gunzTarPerm extractEntry app/templates/_app_dm.rb
59 silly gunzTarPerm extractEntry app/templates/_app_ar.rb
60 silly gunzTarPerm extractEntry app/templates/helpers/_init.rb
61 silly gunzTarPerm extractEntry app/templates/helpers/_response_format.rb
62 silly gunzTarPerm extractEntry app/templates/jshintrc
63 silly gunzTarPerm extractEntry app/templates/models/_init.rb
64 silly gunzTarPerm extractEntry app/templates/public/_index.html
65 silly gunzTarPerm extractEntry app/templates/public/css/app.css
66 silly gunzTarPerm extractEntry app/templates/public/js/_app.js
67 silly gunzTarPerm extractEntry app/templates/public/js/home/_home-controller.js
68 silly gunzTarPerm extractEntry app/templates/public/views/home/_home.html
69 silly gunzTarPerm extractEntry app/templates/Rakefile_ar
70 silly gunzTarPerm extractEntry app/templates/Rakefile_dm
71 silly gunzTarPerm extractEntry app/templates/README.md.erb
72 silly gunzTarPerm extractEntry app/templates/routes/_index.rb
73 silly gunzTarPerm extractEntry app/templates/routes/_init.rb
74 silly gunzTarPerm extractEntry .gitattributes
75 silly gunzTarPerm extractEntry .editorconfig
76 silly gunzTarPerm extractEntry .jshintrc
77 silly gunzTarPerm extractEntry .travis.yml
78 silly gunzTarPerm extractEntry test/test-creation.js
79 silly gunzTarPerm extractEntry test/test-load.js
80 verbose read json /var/folders/6g/1h2r2rrs75n9zh_14mpcjstc000_4l/T/npm-59911/1390722309729-0.7024120651185513/package/package.json
81 silly lockFile 3784a1cc-09729-0-7024120651185513-package tar:///var/folders/6g/1h2r2rrs75n9zh_14mpcjstc000_4l/T/npm-59911/1390722309729-0.7024120651185513/package
82 silly lockFile 3784a1cc-09729-0-7024120651185513-package tar:///var/folders/6g/1h2r2rrs75n9zh_14mpcjstc000_4l/T/npm-59911/1390722309729-0.7024120651185513/package
83 silly lockFile 5c3c9bd2-09729-0-7024120651185513-tmp-tgz tar:///var/folders/6g/1h2r2rrs75n9zh_14mpcjstc000_4l/T/npm-59911/1390722309729-0.7024120651185513/tmp.tgz
84 silly lockFile 5c3c9bd2-09729-0-7024120651185513-tmp-tgz tar:///var/folders/6g/1h2r2rrs75n9zh_14mpcjstc000_4l/T/npm-59911/1390722309729-0.7024120651185513/tmp.tgz
85 verbose from cache /var/folders/6g/1h2r2rrs75n9zh_14mpcjstc000_4l/T/npm-59911/1390722309729-0.7024120651185513/package/package.json
86 verbose tar pack [ '/Users/ryokota/.npm/generator-angular-sinatra/0.1.8/package.tgz',
86 verbose tar pack   '/var/folders/6g/1h2r2rrs75n9zh_14mpcjstc000_4l/T/npm-59911/1390722309729-0.7024120651185513/package' ]
87 verbose tarball /Users/ryokota/.npm/generator-angular-sinatra/0.1.8/package.tgz
88 verbose folder /var/folders/6g/1h2r2rrs75n9zh_14mpcjstc000_4l/T/npm-59911/1390722309729-0.7024120651185513/package
89 silly lockFile 3784a1cc-09729-0-7024120651185513-package tar:///var/folders/6g/1h2r2rrs75n9zh_14mpcjstc000_4l/T/npm-59911/1390722309729-0.7024120651185513/package
90 verbose lock tar:///var/folders/6g/1h2r2rrs75n9zh_14mpcjstc000_4l/T/npm-59911/1390722309729-0.7024120651185513/package /Users/ryokota/.npm/3784a1cc-09729-0-7024120651185513-package.lock
91 silly lockFile b5a45674-ngular-sinatra-0-1-8-package-tgz tar:///Users/ryokota/.npm/generator-angular-sinatra/0.1.8/package.tgz
92 verbose lock tar:///Users/ryokota/.npm/generator-angular-sinatra/0.1.8/package.tgz /Users/ryokota/.npm/b5a45674-ngular-sinatra-0-1-8-package-tgz.lock
93 silly lockFile 3784a1cc-09729-0-7024120651185513-package tar:///var/folders/6g/1h2r2rrs75n9zh_14mpcjstc000_4l/T/npm-59911/1390722309729-0.7024120651185513/package
94 silly lockFile 3784a1cc-09729-0-7024120651185513-package tar:///var/folders/6g/1h2r2rrs75n9zh_14mpcjstc000_4l/T/npm-59911/1390722309729-0.7024120651185513/package
95 silly lockFile b5a45674-ngular-sinatra-0-1-8-package-tgz tar:///Users/ryokota/.npm/generator-angular-sinatra/0.1.8/package.tgz
96 silly lockFile b5a45674-ngular-sinatra-0-1-8-package-tgz tar:///Users/ryokota/.npm/generator-angular-sinatra/0.1.8/package.tgz
97 silly lockFile bc0da9ea-or-angular-sinatra-0-1-8-package /Users/ryokota/.npm/generator-angular-sinatra/0.1.8/package
98 verbose lock /Users/ryokota/.npm/generator-angular-sinatra/0.1.8/package /Users/ryokota/.npm/bc0da9ea-or-angular-sinatra-0-1-8-package.lock
99 silly lockFile bc0da9ea-or-angular-sinatra-0-1-8-package /Users/ryokota/.npm/generator-angular-sinatra/0.1.8/package
100 silly lockFile bc0da9ea-or-angular-sinatra-0-1-8-package /Users/ryokota/.npm/generator-angular-sinatra/0.1.8/package
101 verbose tar unpack /Users/ryokota/.npm/generator-angular-sinatra/0.1.8/package.tgz
102 silly lockFile f3b7b0b6-or-angular-sinatra-0-1-8-package tar:///Users/ryokota/.npm/generator-angular-sinatra/0.1.8/package
103 verbose lock tar:///Users/ryokota/.npm/generator-angular-sinatra/0.1.8/package /Users/ryokota/.npm/f3b7b0b6-or-angular-sinatra-0-1-8-package.lock
104 silly lockFile b5a45674-ngular-sinatra-0-1-8-package-tgz tar:///Users/ryokota/.npm/generator-angular-sinatra/0.1.8/package.tgz
105 verbose lock tar:///Users/ryokota/.npm/generator-angular-sinatra/0.1.8/package.tgz /Users/ryokota/.npm/b5a45674-ngular-sinatra-0-1-8-package-tgz.lock
106 silly gunzTarPerm modes [ '755', '644' ]
107 silly gunzTarPerm extractEntry package.json
108 silly gunzTarPerm extractEntry .npmignore
109 silly gunzTarPerm extractEntry README.md
110 silly gunzTarPerm extractEntry LICENSE
111 silly gunzTarPerm extractEntry app/index.js
112 silly gunzTarPerm extractEntry app/templates/Gruntfile.js
113 silly gunzTarPerm extractEntry app/templates/gitignore
114 silly gunzTarPerm extractEntry app/templates/_bower.json
115 silly gunzTarPerm extractEntry app/templates/_config.ru
116 silly gunzTarPerm extractEntry app/templates/_generator.json
117 silly gunzTarPerm extractEntry app/templates/_package.json
118 silly gunzTarPerm extractEntry app/templates/bowerrc
119 silly gunzTarPerm extractEntry app/templates/editorconfig
120 silly gunzTarPerm extractEntry app/templates/Gemfile_ar
121 silly gunzTarPerm extractEntry app/templates/Gemfile_dm
122 silly gunzTarPerm extractEntry app/templates/_app_dm.rb
123 silly gunzTarPerm extractEntry app/templates/_app_ar.rb
124 silly gunzTarPerm extractEntry app/templates/helpers/_init.rb
125 silly gunzTarPerm extractEntry app/templates/helpers/_response_format.rb
126 silly gunzTarPerm extractEntry app/templates/jshintrc
127 silly gunzTarPerm extractEntry app/templates/models/_init.rb
128 silly gunzTarPerm extractEntry app/templates/public/_index.html
129 silly gunzTarPerm extractEntry app/templates/public/css/app.css
130 silly gunzTarPerm extractEntry app/templates/public/js/_app.js
131 silly gunzTarPerm extractEntry app/templates/public/js/home/_home-controller.js
132 silly gunzTarPerm extractEntry app/templates/public/views/home/_home.html
133 silly gunzTarPerm extractEntry app/templates/Rakefile_ar
134 silly gunzTarPerm extractEntry app/templates/Rakefile_dm
135 silly gunzTarPerm extractEntry app/templates/README.md.erb
136 silly gunzTarPerm extractEntry app/templates/routes/_index.rb
137 silly gunzTarPerm extractEntry app/templates/routes/_init.rb
138 silly gunzTarPerm extractEntry .gitattributes
139 silly gunzTarPerm extractEntry entity/index.js
140 silly gunzTarPerm extractEntry entity/templates/_generator.json
141 silly gunzTarPerm extractEntry entity/templates/db/migrate/_migration.rb
142 silly gunzTarPerm extractEntry entity/templates/models/_entity_ar.rb
143 silly gunzTarPerm extractEntry entity/templates/models/_entity_dm.rb
144 silly gunzTarPerm extractEntry entity/templates/models/_init.rb
145 silly gunzTarPerm extractEntry entity/templates/public/js/entity/_entity-controller.js
146 silly gunzTarPerm extractEntry entity/templates/public/js/entity/_entity-router.js
147 silly gunzTarPerm extractEntry entity/templates/public/js/entity/_entity-service.js
148 silly gunzTarPerm extractEntry entity/templates/public/views/entity/_entities.html
149 silly gunzTarPerm extractEntry entity/templates/routes/_entities.rb
150 silly gunzTarPerm extractEntry entity/templates/routes/_init.rb
151 silly gunzTarPerm extractEntry .jshintrc
152 silly gunzTarPerm extractEntry .editorconfig
153 silly gunzTarPerm extractEntry .travis.yml
154 silly gunzTarPerm extractEntry test/test-creation.js
155 silly gunzTarPerm extractEntry test/test-load.js
156 verbose read json /Users/ryokota/.npm/generator-angular-sinatra/0.1.8/package/package.json
157 silly lockFile f3b7b0b6-or-angular-sinatra-0-1-8-package tar:///Users/ryokota/.npm/generator-angular-sinatra/0.1.8/package
158 silly lockFile f3b7b0b6-or-angular-sinatra-0-1-8-package tar:///Users/ryokota/.npm/generator-angular-sinatra/0.1.8/package
159 silly lockFile b5a45674-ngular-sinatra-0-1-8-package-tgz tar:///Users/ryokota/.npm/generator-angular-sinatra/0.1.8/package.tgz
160 silly lockFile b5a45674-ngular-sinatra-0-1-8-package-tgz tar:///Users/ryokota/.npm/generator-angular-sinatra/0.1.8/package.tgz
161 verbose from cache /Users/ryokota/.npm/generator-angular-sinatra/0.1.8/package/package.json
162 verbose chmod /Users/ryokota/.npm/generator-angular-sinatra/0.1.8/package.tgz 644
163 verbose chown /Users/ryokota/.npm/generator-angular-sinatra/0.1.8/package.tgz [ 10387, 20 ]
164 silly lockFile 3a52ce78- .
165 silly lockFile 3a52ce78- .
166 silly publish { name: 'generator-angular-sinatra',
166 silly publish   version: '0.1.8',
166 silly publish   description: 'A Yeoman generator for AngularJS + Sinatra',
166 silly publish   keywords:
166 silly publish    [ 'yeoman-generator',
166 silly publish      'Ruby',
166 silly publish      'Sinatra',
166 silly publish      'ActiveRecord',
166 silly publish      'DataMapper',
166 silly publish      'AngularJS',
166 silly publish      'Twitter Bootstrap' ],
166 silly publish   homepage: 'https://github.com/rayokota/generator-angular-sinatra',
166 silly publish   bugs: { url: 'https://github.com/rayokota/generator-angular-sinatra/issues' },
166 silly publish   author: { name: 'Robert Yokota', url: 'https://github.com/rayokota' },
166 silly publish   main: 'app/index.js',
166 silly publish   repository:
166 silly publish    { type: 'git',
166 silly publish      url: 'git://github.com/rayokota/generator-angular-sinatra.git' },
166 silly publish   scripts: { test: 'mocha' },
166 silly publish   dependencies:
166 silly publish    { 'yeoman-generator': '~0.14.0',
166 silly publish      URIjs: '~1.11.2',
166 silly publish      lodash: '~2.4.1',
166 silly publish      'underscore.string': '~2.3.3',
166 silly publish      pluralize: '~0.0.6',
166 silly publish      asciify: '~1.3.3' },
166 silly publish   devDependencies: { mocha: '~1.14.0' },
166 silly publish   peerDependencies: { yo: '>=1.0.0' },
166 silly publish   engines: { node: '>=0.8.0', npm: '>=1.2.10' },
166 silly publish   licenses: [ { type: 'MIT' } ],
166 silly publish   readme: '# The Angular-Sinatra generator \n\nA [Yeoman](http://yeoman.io) generator for [AngularJS](http://angularjs.org) and [Sinatra](http://www.sinatrarb.com/).\n\nSinatra is a Ruby-based micro-framework.  For AngularJS integration with a Java-based micro-framework, see the [Angular-Dropwizard generator](https://github.com/rayokota/generator-angular-dropwizard).\n\n## Installation\n\nInstall [Git](http://git-scm.com), [node.js](http://nodejs.org), and [Ruby 1.9](https://www.ruby-lang.org/).  The development mode also requires [SQLite](http://www.sqlite.org).\n\nInstall Yeoman:\n\n    npm install -g yo\n\nInstall the Angular-Sinatra generator:\n\n    npm install -g generator-angular-sinatra\n\n## Creating a Sinatra service\n\nIn a new directory, generate the service:\n\n    yo angular-sinatra\n\nRun the service:\n\n    rackup\n\nYour service will run at [http://localhost:9292](http://localhost:9292).\n\n\n## Creating a persistent entity\n\nGenerate the entity:\n\n    yo angular-sinatra:entity [myentity]\n\nYou will be asked to specify attributes for the entity, where each attribute has the following:\n\n- a name\n- a type (String, Integer, Float, Boolean, Date, Enum)\n- for a String attribute, an optional minimum and maximum length\n- for a numeric attribute, an optional minimum and maximum value\n- for a Date attribute, an optional constraint to either past values or future values\n- for an Enum attribute, a list of enumerated values\n- whether the attribute is required\n\nFiles that are regenerated will appear as conflicts.  Allow the generator to overwrite these files as long as no custom changes have been made.\n\nRun the service:\n\n    rackup\n    \nA client-side AngularJS application will now be available by running\n\n\tgrunt server\n\t\nThe Grunt server will run at [http://localhost:9000](http://localhost:9000).  It will proxy REST requests to the Sinatra service running at [http://localhost:9292](http://localhost:9292).\n\nAt this point you should be able to navigate to a page to manage your persistent entities.  \n\nThe Grunt server supports hot reloading of client-side HTML/CSS/Javascript file changes.\n\n',
166 silly publish   readmeFilename: 'README.md',
166 silly publish   _id: 'generator-angular-sinatra@0.1.8',
166 silly publish   dist: { shasum: 'a06c25a90ffbd3a869dd41eabaf462597bb8b73d' },
166 silly publish   _from: '.' }
167 verbose url raw generator-angular-sinatra
168 verbose url resolving [ 'https://registry.npmjs.org/', './generator-angular-sinatra' ]
169 verbose url resolved https://registry.npmjs.org/generator-angular-sinatra
170 info trying registry request attempt 1 at 23:45:10
171 http PUT https://registry.npmjs.org/generator-angular-sinatra
172 http 409 https://registry.npmjs.org/generator-angular-sinatra
173 verbose url raw generator-angular-sinatra
174 verbose url resolving [ 'https://registry.npmjs.org/', './generator-angular-sinatra' ]
175 verbose url resolved https://registry.npmjs.org/generator-angular-sinatra
176 info trying registry request attempt 1 at 23:45:10
177 http GET https://registry.npmjs.org/generator-angular-sinatra
178 http 200 https://registry.npmjs.org/generator-angular-sinatra
179 warn publish Forced publish over generator-angular-sinatra@0.1.8
180 verbose url raw generator-angular-sinatra
181 verbose url resolving [ 'https://registry.npmjs.org/', './generator-angular-sinatra' ]
182 verbose url resolved https://registry.npmjs.org/generator-angular-sinatra
183 info trying registry request attempt 1 at 23:45:10
184 http GET https://registry.npmjs.org/generator-angular-sinatra
185 http 200 https://registry.npmjs.org/generator-angular-sinatra
186 silly registry.get cb [ 200,
186 silly registry.get   { date: 'Sun, 26 Jan 2014 07:45:11 GMT',
186 silly registry.get     server: 'CouchDB/1.5.0 (Erlang OTP/R15B03)',
186 silly registry.get     etag: '"8QUXUBR67OIZ1P604JN2KA1HP"',
186 silly registry.get     'content-type': 'application/json',
186 silly registry.get     'content-length': '15582',
186 silly registry.get     'accept-ranges': 'bytes',
186 silly registry.get     via: '1.1 varnish',
186 silly registry.get     age: '0',
186 silly registry.get     'x-served-by': 'cache-lax1434-LAX',
186 silly registry.get     'x-cache': 'MISS',
186 silly registry.get     'x-cache-hits': '0',
186 silly registry.get     'x-timer': 'S1390722311.107698441,VS0,VE46',
186 silly registry.get     vary: 'Accept',
186 silly registry.get     'keep-alive': 'timeout=10, max=50',
186 silly registry.get     connection: 'Keep-Alive' } ]
187 verbose unpublish removing attachments { shasum: '1cde7196a5f1c65d8843f1803f14c77fabd8e6b7',
187 verbose unpublish   tarball: 'http://registry.npmjs.org/generator-angular-sinatra/-/generator-angular-sinatra-0.1.8.tgz' }
188 verbose url raw generator-angular-sinatra/-rev/26-07a7c3c4130ce5802c4d9dc053245415
189 verbose url resolving [ 'https://registry.npmjs.org/',
189 verbose url resolving   './generator-angular-sinatra/-rev/26-07a7c3c4130ce5802c4d9dc053245415' ]
190 verbose url resolved https://registry.npmjs.org/generator-angular-sinatra/-rev/26-07a7c3c4130ce5802c4d9dc053245415
191 info trying registry request attempt 1 at 23:45:11
192 http PUT https://registry.npmjs.org/generator-angular-sinatra/-rev/26-07a7c3c4130ce5802c4d9dc053245415
193 http 201 https://registry.npmjs.org/generator-angular-sinatra/-rev/26-07a7c3c4130ce5802c4d9dc053245415
194 verbose url raw generator-angular-sinatra
195 verbose url resolving [ 'https://registry.npmjs.org/', './generator-angular-sinatra' ]
196 verbose url resolved https://registry.npmjs.org/generator-angular-sinatra
197 info trying registry request attempt 1 at 23:45:11
198 http GET https://registry.npmjs.org/generator-angular-sinatra
199 http 200 https://registry.npmjs.org/generator-angular-sinatra
200 silly registry.get cb [ 200,
200 silly registry.get   { date: 'Sun, 26 Jan 2014 07:45:11 GMT',
200 silly registry.get     server: 'CouchDB/1.5.0 (Erlang OTP/R15B03)',
200 silly registry.get     etag: '"E0KMNQM0VQ5XNUOAJYDT7CSKH"',
200 silly registry.get     'content-type': 'application/json',
200 silly registry.get     'content-length': '14281',
200 silly registry.get     'accept-ranges': 'bytes',
200 silly registry.get     via: '1.1 varnish',
200 silly registry.get     age: '0',
200 silly registry.get     'x-served-by': 'cache-lax1420-LAX',
200 silly registry.get     'x-cache': 'MISS',
200 silly registry.get     'x-cache-hits': '0',
200 silly registry.get     'x-timer': 'S1390722311.676209211,VS0,VE48',
200 silly registry.get     vary: 'Accept',
200 silly registry.get     'keep-alive': 'timeout=10, max=50',
200 silly registry.get     connection: 'Keep-Alive' } ]
201 info detach /generator-angular-sinatra/-/generator-angular-sinatra-0.1.8.tgz/-rev/27-a04f54ad3b6177168de9ef62061c2ea5
202 verbose url raw /generator-angular-sinatra/-/generator-angular-sinatra-0.1.8.tgz/-rev/27-a04f54ad3b6177168de9ef62061c2ea5
203 verbose url resolving [ 'https://registry.npmjs.org/',
203 verbose url resolving   './generator-angular-sinatra/-/generator-angular-sinatra-0.1.8.tgz/-rev/27-a04f54ad3b6177168de9ef62061c2ea5' ]
204 verbose url resolved https://registry.npmjs.org/generator-angular-sinatra/-/generator-angular-sinatra-0.1.8.tgz/-rev/27-a04f54ad3b6177168de9ef62061c2ea5
205 info trying registry request attempt 1 at 23:45:11
206 http DELETE https://registry.npmjs.org/generator-angular-sinatra/-/generator-angular-sinatra-0.1.8.tgz/-rev/27-a04f54ad3b6177168de9ef62061c2ea5
207 http 200 https://registry.npmjs.org/generator-angular-sinatra/-/generator-angular-sinatra-0.1.8.tgz/-rev/27-a04f54ad3b6177168de9ef62061c2ea5
208 verbose publish [ '.' ]
209 verbose from cache /Users/ryokota/code/generator-angular-sinatra/package.json
210 verbose cache add [ '.', null ]
211 verbose cache add name=undefined spec="." args=[".",null]
212 verbose parsed url { pathname: '.', path: '.', href: '.' }
213 silly lockFile 3a52ce78- .
214 verbose lock . /Users/ryokota/.npm/3a52ce78-.lock
215 verbose from cache package.json
216 verbose tar pack [ '/var/folders/6g/1h2r2rrs75n9zh_14mpcjstc000_4l/T/npm-59911/1390722312045-0.9390047830529511/tmp.tgz',
216 verbose tar pack   '.' ]
217 verbose tarball /var/folders/6g/1h2r2rrs75n9zh_14mpcjstc000_4l/T/npm-59911/1390722312045-0.9390047830529511/tmp.tgz
218 verbose folder .
219 info prepublish generator-angular-sinatra@0.1.8
220 silly lockFile 1f1177db-tar tar://.
221 verbose lock tar://. /Users/ryokota/.npm/1f1177db-tar.lock
222 silly lockFile ef1c965c-12045-0-9390047830529511-tmp-tgz tar:///var/folders/6g/1h2r2rrs75n9zh_14mpcjstc000_4l/T/npm-59911/1390722312045-0.9390047830529511/tmp.tgz
223 verbose lock tar:///var/folders/6g/1h2r2rrs75n9zh_14mpcjstc000_4l/T/npm-59911/1390722312045-0.9390047830529511/tmp.tgz /Users/ryokota/.npm/ef1c965c-12045-0-9390047830529511-tmp-tgz.lock
224 silly lockFile 1f1177db-tar tar://.
225 silly lockFile 1f1177db-tar tar://.
226 silly lockFile ef1c965c-12045-0-9390047830529511-tmp-tgz tar:///var/folders/6g/1h2r2rrs75n9zh_14mpcjstc000_4l/T/npm-59911/1390722312045-0.9390047830529511/tmp.tgz
227 silly lockFile ef1c965c-12045-0-9390047830529511-tmp-tgz tar:///var/folders/6g/1h2r2rrs75n9zh_14mpcjstc000_4l/T/npm-59911/1390722312045-0.9390047830529511/tmp.tgz
228 verbose tar unpack /var/folders/6g/1h2r2rrs75n9zh_14mpcjstc000_4l/T/npm-59911/1390722312045-0.9390047830529511/tmp.tgz
229 silly lockFile f2c29d3a-12045-0-9390047830529511-package tar:///var/folders/6g/1h2r2rrs75n9zh_14mpcjstc000_4l/T/npm-59911/1390722312045-0.9390047830529511/package
230 verbose lock tar:///var/folders/6g/1h2r2rrs75n9zh_14mpcjstc000_4l/T/npm-59911/1390722312045-0.9390047830529511/package /Users/ryokota/.npm/f2c29d3a-12045-0-9390047830529511-package.lock
231 silly lockFile ef1c965c-12045-0-9390047830529511-tmp-tgz tar:///var/folders/6g/1h2r2rrs75n9zh_14mpcjstc000_4l/T/npm-59911/1390722312045-0.9390047830529511/tmp.tgz
232 verbose lock tar:///var/folders/6g/1h2r2rrs75n9zh_14mpcjstc000_4l/T/npm-59911/1390722312045-0.9390047830529511/tmp.tgz /Users/ryokota/.npm/ef1c965c-12045-0-9390047830529511-tmp-tgz.lock
233 silly gunzTarPerm modes [ '755', '644' ]
234 silly gunzTarPerm extractEntry package.json
235 silly gunzTarPerm extractEntry .npmignore
236 silly gunzTarPerm extractEntry README.md
237 silly gunzTarPerm extractEntry LICENSE
238 silly gunzTarPerm extractEntry entity/index.js
239 silly gunzTarPerm extractEntry entity/templates/_generator.json
240 silly gunzTarPerm extractEntry entity/templates/db/migrate/_migration.rb
241 silly gunzTarPerm extractEntry entity/templates/models/_entity_ar.rb
242 silly gunzTarPerm extractEntry entity/templates/models/_entity_dm.rb
243 silly gunzTarPerm extractEntry entity/templates/models/_init.rb
244 silly gunzTarPerm extractEntry entity/templates/public/js/entity/_entity-controller.js
245 silly gunzTarPerm extractEntry entity/templates/public/js/entity/_entity-router.js
246 silly gunzTarPerm extractEntry entity/templates/public/js/entity/_entity-service.js
247 silly gunzTarPerm extractEntry entity/templates/public/views/entity/_entities.html
248 silly gunzTarPerm extractEntry entity/templates/routes/_entities.rb
249 silly gunzTarPerm extractEntry entity/templates/routes/_init.rb
250 silly gunzTarPerm extractEntry app/index.js
251 silly gunzTarPerm extractEntry app/templates/Gruntfile.js
252 silly gunzTarPerm extractEntry app/templates/gitignore
253 silly gunzTarPerm extractEntry app/templates/_bower.json
254 silly gunzTarPerm extractEntry app/templates/_config.ru
255 silly gunzTarPerm extractEntry app/templates/_generator.json
256 silly gunzTarPerm extractEntry app/templates/_package.json
257 silly gunzTarPerm extractEntry app/templates/bowerrc
258 silly gunzTarPerm extractEntry app/templates/editorconfig
259 silly gunzTarPerm extractEntry app/templates/Gemfile_ar
260 silly gunzTarPerm extractEntry app/templates/Gemfile_dm
261 silly gunzTarPerm extractEntry app/templates/_app_dm.rb
262 silly gunzTarPerm extractEntry app/templates/_app_ar.rb
263 silly gunzTarPerm extractEntry app/templates/helpers/_init.rb
264 silly gunzTarPerm extractEntry app/templates/helpers/_response_format.rb
265 silly gunzTarPerm extractEntry app/templates/jshintrc
266 silly gunzTarPerm extractEntry app/templates/models/_init.rb
267 silly gunzTarPerm extractEntry app/templates/public/_index.html
268 silly gunzTarPerm extractEntry app/templates/public/css/app.css
269 silly gunzTarPerm extractEntry app/templates/public/js/_app.js
270 silly gunzTarPerm extractEntry app/templates/public/js/home/_home-controller.js
271 silly gunzTarPerm extractEntry app/templates/public/views/home/_home.html
272 silly gunzTarPerm extractEntry app/templates/Rakefile_ar
273 silly gunzTarPerm extractEntry app/templates/Rakefile_dm
274 silly gunzTarPerm extractEntry app/templates/README.md.erb
275 silly gunzTarPerm extractEntry app/templates/routes/_index.rb
276 silly gunzTarPerm extractEntry app/templates/routes/_init.rb
277 silly gunzTarPerm extractEntry .gitattributes
278 silly gunzTarPerm extractEntry .editorconfig
279 silly gunzTarPerm extractEntry .jshintrc
280 silly gunzTarPerm extractEntry .travis.yml
281 silly gunzTarPerm extractEntry test/test-creation.js
282 silly gunzTarPerm extractEntry test/test-load.js
283 verbose read json /var/folders/6g/1h2r2rrs75n9zh_14mpcjstc000_4l/T/npm-59911/1390722312045-0.9390047830529511/package/package.json
284 silly lockFile f2c29d3a-12045-0-9390047830529511-package tar:///var/folders/6g/1h2r2rrs75n9zh_14mpcjstc000_4l/T/npm-59911/1390722312045-0.9390047830529511/package
285 silly lockFile f2c29d3a-12045-0-9390047830529511-package tar:///var/folders/6g/1h2r2rrs75n9zh_14mpcjstc000_4l/T/npm-59911/1390722312045-0.9390047830529511/package
286 silly lockFile ef1c965c-12045-0-9390047830529511-tmp-tgz tar:///var/folders/6g/1h2r2rrs75n9zh_14mpcjstc000_4l/T/npm-59911/1390722312045-0.9390047830529511/tmp.tgz
287 silly lockFile ef1c965c-12045-0-9390047830529511-tmp-tgz tar:///var/folders/6g/1h2r2rrs75n9zh_14mpcjstc000_4l/T/npm-59911/1390722312045-0.9390047830529511/tmp.tgz
288 verbose from cache /var/folders/6g/1h2r2rrs75n9zh_14mpcjstc000_4l/T/npm-59911/1390722312045-0.9390047830529511/package/package.json
289 verbose tar pack [ '/Users/ryokota/.npm/generator-angular-sinatra/0.1.8/package.tgz',
289 verbose tar pack   '/var/folders/6g/1h2r2rrs75n9zh_14mpcjstc000_4l/T/npm-59911/1390722312045-0.9390047830529511/package' ]
290 verbose tarball /Users/ryokota/.npm/generator-angular-sinatra/0.1.8/package.tgz
291 verbose folder /var/folders/6g/1h2r2rrs75n9zh_14mpcjstc000_4l/T/npm-59911/1390722312045-0.9390047830529511/package
292 silly lockFile f2c29d3a-12045-0-9390047830529511-package tar:///var/folders/6g/1h2r2rrs75n9zh_14mpcjstc000_4l/T/npm-59911/1390722312045-0.9390047830529511/package
293 verbose lock tar:///var/folders/6g/1h2r2rrs75n9zh_14mpcjstc000_4l/T/npm-59911/1390722312045-0.9390047830529511/package /Users/ryokota/.npm/f2c29d3a-12045-0-9390047830529511-package.lock
294 silly lockFile b5a45674-ngular-sinatra-0-1-8-package-tgz tar:///Users/ryokota/.npm/generator-angular-sinatra/0.1.8/package.tgz
295 verbose lock tar:///Users/ryokota/.npm/generator-angular-sinatra/0.1.8/package.tgz /Users/ryokota/.npm/b5a45674-ngular-sinatra-0-1-8-package-tgz.lock
296 silly lockFile f2c29d3a-12045-0-9390047830529511-package tar:///var/folders/6g/1h2r2rrs75n9zh_14mpcjstc000_4l/T/npm-59911/1390722312045-0.9390047830529511/package
297 silly lockFile f2c29d3a-12045-0-9390047830529511-package tar:///var/folders/6g/1h2r2rrs75n9zh_14mpcjstc000_4l/T/npm-59911/1390722312045-0.9390047830529511/package
298 silly lockFile b5a45674-ngular-sinatra-0-1-8-package-tgz tar:///Users/ryokota/.npm/generator-angular-sinatra/0.1.8/package.tgz
299 silly lockFile b5a45674-ngular-sinatra-0-1-8-package-tgz tar:///Users/ryokota/.npm/generator-angular-sinatra/0.1.8/package.tgz
300 silly lockFile bc0da9ea-or-angular-sinatra-0-1-8-package /Users/ryokota/.npm/generator-angular-sinatra/0.1.8/package
301 verbose lock /Users/ryokota/.npm/generator-angular-sinatra/0.1.8/package /Users/ryokota/.npm/bc0da9ea-or-angular-sinatra-0-1-8-package.lock
302 silly lockFile bc0da9ea-or-angular-sinatra-0-1-8-package /Users/ryokota/.npm/generator-angular-sinatra/0.1.8/package
303 silly lockFile bc0da9ea-or-angular-sinatra-0-1-8-package /Users/ryokota/.npm/generator-angular-sinatra/0.1.8/package
304 verbose tar unpack /Users/ryokota/.npm/generator-angular-sinatra/0.1.8/package.tgz
305 silly lockFile f3b7b0b6-or-angular-sinatra-0-1-8-package tar:///Users/ryokota/.npm/generator-angular-sinatra/0.1.8/package
306 verbose lock tar:///Users/ryokota/.npm/generator-angular-sinatra/0.1.8/package /Users/ryokota/.npm/f3b7b0b6-or-angular-sinatra-0-1-8-package.lock
307 silly lockFile b5a45674-ngular-sinatra-0-1-8-package-tgz tar:///Users/ryokota/.npm/generator-angular-sinatra/0.1.8/package.tgz
308 verbose lock tar:///Users/ryokota/.npm/generator-angular-sinatra/0.1.8/package.tgz /Users/ryokota/.npm/b5a45674-ngular-sinatra-0-1-8-package-tgz.lock
309 silly gunzTarPerm modes [ '755', '644' ]
310 silly gunzTarPerm extractEntry package.json
311 silly gunzTarPerm extractEntry .npmignore
312 silly gunzTarPerm extractEntry README.md
313 silly gunzTarPerm extractEntry LICENSE
314 silly gunzTarPerm extractEntry app/index.js
315 silly gunzTarPerm extractEntry app/templates/Gruntfile.js
316 silly gunzTarPerm extractEntry app/templates/gitignore
317 silly gunzTarPerm extractEntry app/templates/_bower.json
318 silly gunzTarPerm extractEntry app/templates/_config.ru
319 silly gunzTarPerm extractEntry app/templates/_generator.json
320 silly gunzTarPerm extractEntry app/templates/_package.json
321 silly gunzTarPerm extractEntry app/templates/bowerrc
322 silly gunzTarPerm extractEntry app/templates/editorconfig
323 silly gunzTarPerm extractEntry app/templates/Gemfile_ar
324 silly gunzTarPerm extractEntry app/templates/Gemfile_dm
325 silly gunzTarPerm extractEntry app/templates/_app_dm.rb
326 silly gunzTarPerm extractEntry app/templates/_app_ar.rb
327 silly gunzTarPerm extractEntry app/templates/helpers/_init.rb
328 silly gunzTarPerm extractEntry app/templates/helpers/_response_format.rb
329 silly gunzTarPerm extractEntry app/templates/jshintrc
330 silly gunzTarPerm extractEntry app/templates/models/_init.rb
331 silly gunzTarPerm extractEntry app/templates/public/_index.html
332 silly gunzTarPerm extractEntry app/templates/public/css/app.css
333 silly gunzTarPerm extractEntry app/templates/public/js/_app.js
334 silly gunzTarPerm extractEntry app/templates/public/js/home/_home-controller.js
335 silly gunzTarPerm extractEntry app/templates/public/views/home/_home.html
336 silly gunzTarPerm extractEntry app/templates/Rakefile_ar
337 silly gunzTarPerm extractEntry app/templates/Rakefile_dm
338 silly gunzTarPerm extractEntry app/templates/README.md.erb
339 silly gunzTarPerm extractEntry app/templates/routes/_index.rb
340 silly gunzTarPerm extractEntry app/templates/routes/_init.rb
341 silly gunzTarPerm extractEntry .gitattributes
342 silly gunzTarPerm extractEntry entity/index.js
343 silly gunzTarPerm extractEntry entity/templates/_generator.json
344 silly gunzTarPerm extractEntry entity/templates/db/migrate/_migration.rb
345 silly gunzTarPerm extractEntry entity/templates/models/_entity_ar.rb
346 silly gunzTarPerm extractEntry entity/templates/models/_entity_dm.rb
347 silly gunzTarPerm extractEntry entity/templates/models/_init.rb
348 silly gunzTarPerm extractEntry entity/templates/public/js/entity/_entity-controller.js
349 silly gunzTarPerm extractEntry entity/templates/public/js/entity/_entity-router.js
350 silly gunzTarPerm extractEntry entity/templates/public/js/entity/_entity-service.js
351 silly gunzTarPerm extractEntry entity/templates/public/views/entity/_entities.html
352 silly gunzTarPerm extractEntry entity/templates/routes/_entities.rb
353 silly gunzTarPerm extractEntry entity/templates/routes/_init.rb
354 silly gunzTarPerm extractEntry .jshintrc
355 silly gunzTarPerm extractEntry .editorconfig
356 silly gunzTarPerm extractEntry .travis.yml
357 silly gunzTarPerm extractEntry test/test-creation.js
358 silly gunzTarPerm extractEntry test/test-load.js
359 verbose from cache /Users/ryokota/.npm/generator-angular-sinatra/0.1.8/package/package.json
360 silly lockFile f3b7b0b6-or-angular-sinatra-0-1-8-package tar:///Users/ryokota/.npm/generator-angular-sinatra/0.1.8/package
361 silly lockFile f3b7b0b6-or-angular-sinatra-0-1-8-package tar:///Users/ryokota/.npm/generator-angular-sinatra/0.1.8/package
362 silly lockFile b5a45674-ngular-sinatra-0-1-8-package-tgz tar:///Users/ryokota/.npm/generator-angular-sinatra/0.1.8/package.tgz
363 silly lockFile b5a45674-ngular-sinatra-0-1-8-package-tgz tar:///Users/ryokota/.npm/generator-angular-sinatra/0.1.8/package.tgz
364 verbose from cache /Users/ryokota/.npm/generator-angular-sinatra/0.1.8/package/package.json
365 verbose chmod /Users/ryokota/.npm/generator-angular-sinatra/0.1.8/package.tgz 644
366 verbose chown /Users/ryokota/.npm/generator-angular-sinatra/0.1.8/package.tgz [ 10387, 20 ]
367 silly lockFile 3a52ce78- .
368 silly lockFile 3a52ce78- .
369 silly publish { name: 'generator-angular-sinatra',
369 silly publish   version: '0.1.8',
369 silly publish   description: 'A Yeoman generator for AngularJS + Sinatra',
369 silly publish   keywords:
369 silly publish    [ 'yeoman-generator',
369 silly publish      'Ruby',
369 silly publish      'Sinatra',
369 silly publish      'ActiveRecord',
369 silly publish      'DataMapper',
369 silly publish      'AngularJS',
369 silly publish      'Twitter Bootstrap' ],
369 silly publish   homepage: 'https://github.com/rayokota/generator-angular-sinatra',
369 silly publish   bugs: { url: 'https://github.com/rayokota/generator-angular-sinatra/issues' },
369 silly publish   author: { name: 'Robert Yokota', url: 'https://github.com/rayokota' },
369 silly publish   main: 'app/index.js',
369 silly publish   repository:
369 silly publish    { type: 'git',
369 silly publish      url: 'git://github.com/rayokota/generator-angular-sinatra.git' },
369 silly publish   scripts: { test: 'mocha' },
369 silly publish   dependencies:
369 silly publish    { 'yeoman-generator': '~0.14.0',
369 silly publish      URIjs: '~1.11.2',
369 silly publish      lodash: '~2.4.1',
369 silly publish      'underscore.string': '~2.3.3',
369 silly publish      pluralize: '~0.0.6',
369 silly publish      asciify: '~1.3.3' },
369 silly publish   devDependencies: { mocha: '~1.14.0' },
369 silly publish   peerDependencies: { yo: '>=1.0.0' },
369 silly publish   engines: { node: '>=0.8.0', npm: '>=1.2.10' },
369 silly publish   licenses: [ { type: 'MIT' } ],
369 silly publish   readme: '# The Angular-Sinatra generator \n\nA [Yeoman](http://yeoman.io) generator for [AngularJS](http://angularjs.org) and [Sinatra](http://www.sinatrarb.com/).\n\nSinatra is a Ruby-based micro-framework.  For AngularJS integration with a Java-based micro-framework, see the [Angular-Dropwizard generator](https://github.com/rayokota/generator-angular-dropwizard).\n\n## Installation\n\nInstall [Git](http://git-scm.com), [node.js](http://nodejs.org), and [Ruby 1.9](https://www.ruby-lang.org/).  The development mode also requires [SQLite](http://www.sqlite.org).\n\nInstall Yeoman:\n\n    npm install -g yo\n\nInstall the Angular-Sinatra generator:\n\n    npm install -g generator-angular-sinatra\n\n## Creating a Sinatra service\n\nIn a new directory, generate the service:\n\n    yo angular-sinatra\n\nRun the service:\n\n    rackup\n\nYour service will run at [http://localhost:9292](http://localhost:9292).\n\n\n## Creating a persistent entity\n\nGenerate the entity:\n\n    yo angular-sinatra:entity [myentity]\n\nYou will be asked to specify attributes for the entity, where each attribute has the following:\n\n- a name\n- a type (String, Integer, Float, Boolean, Date, Enum)\n- for a String attribute, an optional minimum and maximum length\n- for a numeric attribute, an optional minimum and maximum value\n- for a Date attribute, an optional constraint to either past values or future values\n- for an Enum attribute, a list of enumerated values\n- whether the attribute is required\n\nFiles that are regenerated will appear as conflicts.  Allow the generator to overwrite these files as long as no custom changes have been made.\n\nRun the service:\n\n    rackup\n    \nA client-side AngularJS application will now be available by running\n\n\tgrunt server\n\t\nThe Grunt server will run at [http://localhost:9000](http://localhost:9000).  It will proxy REST requests to the Sinatra service running at [http://localhost:9292](http://localhost:9292).\n\nAt this point you should be able to navigate to a page to manage your persistent entities.  \n\nThe Grunt server supports hot reloading of client-side HTML/CSS/Javascript file changes.\n\n',
369 silly publish   readmeFilename: 'README.md',
369 silly publish   _id: 'generator-angular-sinatra@0.1.8',
369 silly publish   dist:
369 silly publish    { shasum: 'a06c25a90ffbd3a869dd41eabaf462597bb8b73d',
369 silly publish      tarball: 'http://registry.npmjs.org/generator-angular-sinatra/-/generator-angular-sinatra-0.1.8.tgz' },
369 silly publish   _from: '.',
369 silly publish   _npmVersion: '1.2.30',
369 silly publish   _npmUser: { name: 'rayokota', email: 'rayokota@gmail.com' } }
370 verbose url raw generator-angular-sinatra
371 verbose url resolving [ 'https://registry.npmjs.org/', './generator-angular-sinatra' ]
372 verbose url resolved https://registry.npmjs.org/generator-angular-sinatra
373 info trying registry request attempt 1 at 23:45:12
374 http PUT https://registry.npmjs.org/generator-angular-sinatra
375 http 409 https://registry.npmjs.org/generator-angular-sinatra
376 verbose url raw generator-angular-sinatra
377 verbose url resolving [ 'https://registry.npmjs.org/', './generator-angular-sinatra' ]
378 verbose url resolved https://registry.npmjs.org/generator-angular-sinatra
379 info trying registry request attempt 1 at 23:45:12
380 http GET https://registry.npmjs.org/generator-angular-sinatra
381 http 200 https://registry.npmjs.org/generator-angular-sinatra
382 verbose uploading [ 'generator-angular-sinatra/-/generator-angular-sinatra-0.1.8.tgz/-rev/28-2d62a34b6bdd797f733b46be9d40dbbb',
382 verbose uploading   '/Users/ryokota/.npm/generator-angular-sinatra/0.1.8/package.tgz' ]
383 verbose url raw generator-angular-sinatra/-/generator-angular-sinatra-0.1.8.tgz/-rev/28-2d62a34b6bdd797f733b46be9d40dbbb
384 verbose url resolving [ 'https://registry.npmjs.org/',
384 verbose url resolving   './generator-angular-sinatra/-/generator-angular-sinatra-0.1.8.tgz/-rev/28-2d62a34b6bdd797f733b46be9d40dbbb' ]
385 verbose url resolved https://registry.npmjs.org/generator-angular-sinatra/-/generator-angular-sinatra-0.1.8.tgz/-rev/28-2d62a34b6bdd797f733b46be9d40dbbb
386 info trying registry request attempt 1 at 23:45:12
387 http PUT https://registry.npmjs.org/generator-angular-sinatra/-/generator-angular-sinatra-0.1.8.tgz/-rev/28-2d62a34b6bdd797f733b46be9d40dbbb
388 http 201 https://registry.npmjs.org/generator-angular-sinatra/-/generator-angular-sinatra-0.1.8.tgz/-rev/28-2d62a34b6bdd797f733b46be9d40dbbb
389 verbose publish attached [ 'generator-angular-sinatra',
389 verbose publish   '/Users/ryokota/.npm/generator-angular-sinatra/0.1.8/package.tgz',
389 verbose publish   'generator-angular-sinatra-0.1.8.tgz' ]
390 verbose url raw generator-angular-sinatra/0.1.8/-tag/latest
391 verbose url resolving [ 'https://registry.npmjs.org/',
391 verbose url resolving   './generator-angular-sinatra/0.1.8/-tag/latest' ]
392 verbose url resolved https://registry.npmjs.org/generator-angular-sinatra/0.1.8/-tag/latest
393 info trying registry request attempt 1 at 23:45:13
394 http PUT https://registry.npmjs.org/generator-angular-sinatra/0.1.8/-tag/latest
395 http 403 https://registry.npmjs.org/generator-angular-sinatra/0.1.8/-tag/latest
396 info trying registry request attempt 1 at 23:45:13
397 http PUT https://registry.npmjs.org/generator-angular-sinatra/0.1.8/-tag/latest
398 http 403 https://registry.npmjs.org/generator-angular-sinatra/0.1.8/-tag/latest
399 error publish Error uploading package
400 error Error: forbidden 0.1.8 time should not be modified 1: generator-angular-sinatra/0.1.8/-tag/latest
400 error     at RegClient.<anonymous> (/usr/local/lib/node_modules/npm/node_modules/npm-registry-client/lib/request.js:272:14)
400 error     at Request.init.self.callback (/usr/local/lib/node_modules/npm/node_modules/request/index.js:148:22)
400 error     at Request.EventEmitter.emit (events.js:99:17)
400 error     at Request.onResponse (/usr/local/lib/node_modules/npm/node_modules/request/index.js:876:14)
400 error     at Request.EventEmitter.emit (events.js:126:20)
400 error     at IncomingMessage.Request.onResponse.buffer (/usr/local/lib/node_modules/npm/node_modules/request/index.js:827:12)
400 error     at IncomingMessage.EventEmitter.emit (events.js:126:20)
400 error     at IncomingMessage._emitEnd (http.js:367:10)
400 error     at HTTPParser.parserOnMessageComplete [as onMessageComplete] (http.js:149:23)
400 error     at CleartextStream.socketOnData [as ondata] (http.js:1491:20)
401 error If you need help, you may report this log at:
401 error     <http://github.com/isaacs/npm/issues>
401 error or email it to:
401 error     <npm-@googlegroups.com>
402 error System Darwin 12.5.0
403 error command "node" "/usr/local/bin/npm" "publish" "--force"
404 error cwd /Users/ryokota/code/generator-angular-sinatra
405 error node -v v0.8.26
406 error npm -v 1.2.30
407 verbose exit [ 1, true ]
